Using pre-set license
Built from '2020.2/staging' branch; Version is '2020.2.6f1 (8a2143876886) revision 9052483'; Using compiler version '192528614'; Build Type 'Release'
OS: 'Windows 10 Pro; OS build 19042.1165; Version 2009; 64bit' Language: 'en' Physical Memory: 24417 MB
BatchMode: 1, IsHumanControllingUs: 0, StartBugReporterOnCrash: 0, Is64bit: 1, IsPro: 0

 COMMAND LINE ARGUMENTS:
C:\Program Files\Unity\Hub\Editor\2020.2.6f1\Editor\Unity.exe
-adb2
-batchMode
-noUpm
-name
AssetImportWorker0
-projectPath
C:/Users/garre/source/repos/Project_Astroid
-logFile
Logs/AssetImportWorker0.log
-srvPort
53343
Successfully changed project path to: C:/Users/garre/source/repos/Project_Astroid
C:/Users/garre/source/repos/Project_Astroid
Using Asset Import Pipeline V2.
Refreshing native plugins compatible for Editor in 40.42 ms, found 0 plugins.
Preloading 0 native plugins for Editor in 0.00 ms.
Initialize engine version: 2020.2.6f1 (8a2143876886)
[Subsystems] Discovering subsystems at path C:/Program Files/Unity/Hub/Editor/2020.2.6f1/Editor/Data/Resources/UnitySubsystems
[Subsystems] Discovering subsystems at path C:/Users/garre/source/repos/Project_Astroid/Assets
GfxDevice: creating device client; threaded=0
Direct3D:
    Version:  Direct3D 11.0 [level 11.1]
    Renderer: NVIDIA GeForce GTX 1650 with Max-Q Design (ID=0x1f91)
    Vendor:   
    VRAM:     3964 MB
    Driver:   26.21.14.4587
Initialize mono
Mono path[0] = 'C:/Program Files/Unity/Hub/Editor/2020.2.6f1/Editor/Data/Managed'
Mono path[1] = 'C:/Program Files/Unity/Hub/Editor/2020.2.6f1/Editor/Data/MonoBleedingEdge/lib/mono/unityjit'
Mono config path = 'C:/Program Files/Unity/Hub/Editor/2020.2.6f1/Editor/Data/MonoBleedingEdge/etc'
Using monoOptions --debugger-agent=transport=dt_socket,embedding=1,server=y,suspend=n,address=127.0.0.1:56392
Begin MonoManager ReloadAssembly
Registering precompiled unity dll's ...
Register platform support module: C:/Program Files/Unity/Hub/Editor/2020.2.6f1/Editor/Data/PlaybackEngines/WindowsStandaloneSupport/UnityEditor.WindowsStandalone.Extensions.dll
Registered in 0.008027 seconds.
Native extension for WindowsStandalone target not found
Refreshing native plugins compatible for Editor in 47.51 ms, found 0 plugins.
Preloading 0 native plugins for Editor in 0.00 ms.
Invoked RoslynAnalysisRunner static constructor.
RoslynAnalysisRunner will not be running.
RoslynAnalysisRunner has terminated.
Mono: successfully reloaded assembly
- Completed reload, in  1.944 seconds
Platform modules already initialized, skipping
Registering precompiled user dll's ...
Registered in 0.000938 seconds.
Begin MonoManager ReloadAssembly
Native extension for WindowsStandalone target not found
Refreshing native plugins compatible for Editor in 0.25 ms, found 0 plugins.
Preloading 0 native plugins for Editor in 0.00 ms.
Invoked RoslynAnalysisRunner static constructor.
RoslynAnalysisRunner will not be running.
RoslynAnalysisRunner has terminated.
Mono: successfully reloaded assembly
- Completed reload, in  1.457 seconds
Platform modules already initialized, skipping
========================================================================
Worker process is ready to serve import requests
Launched and connected shader compiler UnityShaderCompiler.exe after 0.13 seconds
Refreshing native plugins compatible for Editor in 0.27 ms, found 0 plugins.
Preloading 0 native plugins for Editor in 0.00 ms.
Unloading 1107 Unused Serialized files (Serialized files now loaded: 0)
System memory in use before: 56.7 MB.
System memory in use after: 56.8 MB.

Unloading 9 unused Assets to reduce memory usage. Loaded Objects now: 1549.
Total: 2.415200 ms (FindLiveObjects: 0.165600 ms CreateObjectMapping: 0.050800 ms MarkObjects: 2.114900 ms  DeleteObjects: 0.082700 ms)

========================================================================
Received Import Request.
  path: Assets/Scripts/PlayerController.cs
  artifactKey: Guid(ef62fe99265088f47952e59b4f3a9cc3) Importer(815301076,1909f56bfc062723c751e8b465ee728b)
Start importing Assets/Scripts/PlayerController.cs using Guid(ef62fe99265088f47952e59b4f3a9cc3) Importer(815301076,1909f56bfc062723c751e8b465ee728b)  -> (artifact id: '8ab608f3d5139825f2213b64503c115a') in 0.030508 seconds
  Import took 0.033346 seconds .

========================================================================
Received Import Request.
  Time since last request: 34.789104 seconds.
  path: Assets/Scripts/PlayerController.cs
  artifactKey: Guid(ef62fe99265088f47952e59b4f3a9cc3) Importer(815301076,1909f56bfc062723c751e8b465ee728b)
Start importing Assets/Scripts/PlayerController.cs using Guid(ef62fe99265088f47952e59b4f3a9cc3) Importer(815301076,1909f56bfc062723c751e8b465ee728b)  -> (artifact id: '00000000000000000000000000000000') in 0.000466 seconds
  ERROR: Build asset version error: assets/scripts/playercontroller.cs in SourceAssetDB has modification time of '2021-08-29T12:40:23.5631398Z' while content on disk has modification time of '2021-08-29T12:40:23.7942217Z'
  Import took 0.002824 seconds .

========================================================================
Received Import Request.
  Time since last request: 0.090111 seconds.
  path: Assets/Scripts/PlayerController.cs
  artifactKey: Guid(ef62fe99265088f47952e59b4f3a9cc3) Importer(815301076,1909f56bfc062723c751e8b465ee728b)
Start importing Assets/Scripts/PlayerController.cs using Guid(ef62fe99265088f47952e59b4f3a9cc3) Importer(815301076,1909f56bfc062723c751e8b465ee728b)  -> (artifact id: '00000000000000000000000000000000') in 0.000576 seconds
  ERROR: Build asset version error: assets/scripts/playercontroller.cs in SourceAssetDB has modification time of '2021-08-29T12:40:23.5631398Z' while content on disk has modification time of '2021-08-29T12:40:23.7942217Z'
  Import took 0.004328 seconds .

========================================================================
Received Import Request.
  Time since last request: 0.089478 seconds.
  path: Assets/Scripts/PlayerController.cs
  artifactKey: Guid(ef62fe99265088f47952e59b4f3a9cc3) Importer(815301076,1909f56bfc062723c751e8b465ee728b)
Start importing Assets/Scripts/PlayerController.cs using Guid(ef62fe99265088f47952e59b4f3a9cc3) Importer(815301076,1909f56bfc062723c751e8b465ee728b)  -> (artifact id: '00000000000000000000000000000000') in 0.000648 seconds
  ERROR: Build asset version error: assets/scripts/playercontroller.cs in SourceAssetDB has modification time of '2021-08-29T12:40:23.7942217Z' while content on disk has modification time of '2021-08-29T12:40:23.970246Z'
  Import took 0.003870 seconds .

========================================================================
Received Import Request.
  Time since last request: 0.093862 seconds.
  path: Assets/Scripts/PlayerController.cs
  artifactKey: Guid(ef62fe99265088f47952e59b4f3a9cc3) Importer(815301076,1909f56bfc062723c751e8b465ee728b)
Start importing Assets/Scripts/PlayerController.cs using Guid(ef62fe99265088f47952e59b4f3a9cc3) Importer(815301076,1909f56bfc062723c751e8b465ee728b)  -> (artifact id: '00000000000000000000000000000000') in 0.000451 seconds
  ERROR: Build asset version error: assets/scripts/playercontroller.cs in SourceAssetDB has modification time of '2021-08-29T12:40:23.7942217Z' while content on disk has modification time of '2021-08-29T12:40:23.970246Z'
  Import took 0.003368 seconds .

========================================================================
Received Import Request.
  Time since last request: 0.093123 seconds.
  path: Assets/Scripts/PlayerController.cs
  artifactKey: Guid(ef62fe99265088f47952e59b4f3a9cc3) Importer(815301076,1909f56bfc062723c751e8b465ee728b)
Start importing Assets/Scripts/PlayerController.cs using Guid(ef62fe99265088f47952e59b4f3a9cc3) Importer(815301076,1909f56bfc062723c751e8b465ee728b)  -> (artifact id: '00000000000000000000000000000000') in 0.000495 seconds
  ERROR: Build asset version error: assets/scripts/playercontroller.cs in SourceAssetDB has modification time of '2021-08-29T12:40:23.970246Z' while content on disk has modification time of '2021-08-29T12:40:24.1474932Z'
  Import took 0.003693 seconds .

========================================================================
Received Import Request.
  Time since last request: 0.090062 seconds.
  path: Assets/Scripts/PlayerController.cs
  artifactKey: Guid(ef62fe99265088f47952e59b4f3a9cc3) Importer(815301076,1909f56bfc062723c751e8b465ee728b)
Start importing Assets/Scripts/PlayerController.cs using Guid(ef62fe99265088f47952e59b4f3a9cc3) Importer(815301076,1909f56bfc062723c751e8b465ee728b)  -> (artifact id: '00000000000000000000000000000000') in 0.000283 seconds
  ERROR: Build asset version error: assets/scripts/playercontroller.cs in SourceAssetDB has modification time of '2021-08-29T12:40:23.970246Z' while content on disk has modification time of '2021-08-29T12:40:24.1474932Z'
  Import took 0.002117 seconds .

========================================================================
Received Import Request.
  Time since last request: 0.097038 seconds.
  path: Assets/Scripts/PlayerController.cs
  artifactKey: Guid(ef62fe99265088f47952e59b4f3a9cc3) Importer(815301076,1909f56bfc062723c751e8b465ee728b)
Start importing Assets/Scripts/PlayerController.cs using Guid(ef62fe99265088f47952e59b4f3a9cc3) Importer(815301076,1909f56bfc062723c751e8b465ee728b)  -> (artifact id: 'ddf452a270c94d68b30167adb463b79d') in 0.008470 seconds
  Import took 0.011696 seconds .

========================================================================
Received Prepare
Registering precompiled user dll's ...
Registered in 0.001191 seconds.
Begin MonoManager ReloadAssembly
Native extension for WindowsStandalone target not found
Refreshing native plugins compatible for Editor in 0.21 ms, found 0 plugins.
Preloading 0 native plugins for Editor in 0.00 ms.
Invoked RoslynAnalysisRunner static constructor.
RoslynAnalysisRunner will not be running.
RoslynAnalysisRunner has terminated.
Mono: successfully reloaded assembly
- Completed reload, in  0.936 seconds
Platform modules already initialized, skipping
Refreshing native plugins compatible for Editor in 0.23 ms, found 0 plugins.
Preloading 0 native plugins for Editor in 0.00 ms.
Unloading 1101 Unused Serialized files (Serialized files now loaded: 0)
System memory in use before: 56.6 MB.
System memory in use after: 56.7 MB.

Unloading 4 unused Assets to reduce memory usage. Loaded Objects now: 1551.
Total: 1.637800 ms (FindLiveObjects: 0.155700 ms CreateObjectMapping: 0.042300 ms MarkObjects: 1.414900 ms  DeleteObjects: 0.023200 ms)

